<?xml version="1.0" encoding="UTF-8"?>
<!-- Generated by org.testng.reporters.JUnitReportReporter -->
<testsuite skipped="0" hostname="DESKTOP-KN642OP" name="com.qa.ksrtc.tests.HomePageTest" tests="8" failures="0" timestamp="13 Oct 2023 11:16:15 GMT" time="164.005" errors="0">
  <testcase name="verifyManinPageOfKSRTC" time="0.966" classname="com.qa.ksrtc.tests.HomePageTest"/>
  <testcase name="verifySignIn" time="20.827" classname="com.qa.ksrtc.tests.HomePageTest"/>
  <testcase name="verifyLogin" time="8.500" classname="com.qa.ksrtc.tests.HomePageTest"/>
  <testcase name="verifyLogin" time="17.783" classname="com.qa.ksrtc.tests.HomePageTest"/>
  <testcase name="verifyLogin" time="11.274" classname="com.qa.ksrtc.tests.HomePageTest"/>
  <testcase name="verifyForgotPassword" time="44.169" classname="com.qa.ksrtc.tests.HomePageTest"/>
  <testcase name="verifyForgotPassword" time="32.649" classname="com.qa.ksrtc.tests.HomePageTest"/>
  <testcase name="verifyForgotPassword" time="27.837" classname="com.qa.ksrtc.tests.HomePageTest"/>
</testsuite> <!-- com.qa.ksrtc.tests.HomePageTest -->
